==========================================
SLURM_JOB_ID = 124782
SLURM_NODELIST = gnode24
SLURM_JOB_GPUS = 0,1,2,3
==========================================
main.py:256: UserWarning: Implicit dimension choice for softmax has been deprecated. Change the call to include dim=X as an argument.
  probabilities = self.softmax(self.W(path_embedding_cat))
Traceback (most recent call last):
  File "main.py", line 343, in <module>
    outputs = lstm(data)
  File "/home/vivek.iyer/.local/lib/python3.5/site-packages/torch/nn/modules/module.py", line 532, in __call__
    result = self.forward(*input, **kwargs)
  File "/home/vivek.iyer/.local/lib/python3.5/site-packages/torch/nn/parallel/data_parallel.py", line 152, in forward
    outputs = self.parallel_apply(replicas, inputs, kwargs)
  File "/home/vivek.iyer/.local/lib/python3.5/site-packages/torch/nn/parallel/data_parallel.py", line 162, in parallel_apply
    return parallel_apply(replicas, inputs, kwargs, self.device_ids[:len(replicas)])
  File "/home/vivek.iyer/.local/lib/python3.5/site-packages/torch/nn/parallel/parallel_apply.py", line 85, in parallel_apply
    output.reraise()
  File "/home/vivek.iyer/.local/lib/python3.5/site-packages/torch/_utils.py", line 394, in reraise
    raise self.exc_type(msg)
TypeError: Caught TypeError in replica 0 on device 0.
Original Traceback (most recent call last):
  File "/home/vivek.iyer/.local/lib/python3.5/site-packages/torch/nn/parallel/parallel_apply.py", line 60, in _worker
    output = module(*input, **kwargs)
  File "/home/vivek.iyer/.local/lib/python3.5/site-packages/torch/nn/modules/module.py", line 532, in __call__
    result = self.forward(*input, **kwargs)
TypeError: forward() missing 1 required positional argument: 'emb_indexer'

